connected to devsrv:undefined

Sent
  type:0x12(PRELOGIN), status:0x01(EOM), length:0x002F, spid:0x0000, packetId:0x01, window:0x00
  0000  00001A00 06010020 00010200 21000103 00220004 04002600 01FF0000 00010001  ....... ....!... ."....&. ........
  0020  02000000 000000  .......
  PreLogin - version:0.0.0.1 1, encryption:0x02(NOT_SUP), instopt:0x00, threadId:0x00000000, mars:0x00(OFF)
State change: Connecting -> SentPrelogin

Received
  type:0x04(TABULAR_RESULT), status:0x01(EOM), length:0x002B, spid:0x0000, packetId:0x01, window:0x00
  0000  00001A00 06010020 00010200 21000103 00220000 04002200 01FF0B00 14DF0000  ....... ....!... ."....". ........
  0020  020000  ...
  PreLogin - version:11.0.20.223 0, encryption:0x02(NOT_SUP), instopt:0x00, threadId:0x00000000, mars:0x00(OFF)

Sent
  type:0x10(LOGIN7), status:0x01(EOM), length:0x00C6, spid:0x0000, packetId:0x01, window:0x00
  0000  BE000000 04000074 00100000 00000000 FC470000 00000000 E0000008 88FFFFFF  .......t........ .G...... ........
  0020  09040000 5E000900 70000200 74000A00 88000A00 9C000600 A8000000 A8000700  ....^... p...t... ........ ........
  0040  B6000000 B6000400 01020304 0506BE00 0000BE00 0000BE00 00000000 00006E00  ........ ........ ........ ......n.
  0060  6F006100 6D006100 2D007000 63003300 63006D00 91A5F3A5 43A5E2A5 82A5B3A5  o.a.m.a. -.p.c.3. c.m..... C.......
  0080  63A550A5 B6A5E6A5 6E006F00 64006500 2D006D00 73007300 71006C00 64006500  c.P..... n.o.d.e. -.m.s.s. q.l.d.e.
  00A0  76007300 72007600 54006500 64006900 6F007500 73004300 52004D00 3300  v.s.r.v. T.e.d.i. o.u.s.C. R.M.3.
  Login7 - TDS:0x74000004, PacketSize:0x00001000, ClientProgVer:0x00000000, ClientPID:0x000047FC, ConnectionID:0x00000000
           Flags1:0xE0, Flags2:0x00, TypeFlags:0x00, Flags3:0x08, ClientTimezone:-120, ClientLCID:0x00000409
           Hostname:'noama-pc3', Username:'cm', Password:'Central_14', AppName:'node-mssql', ServerName:'devsrv', LibraryName:'Tedious'
           Language:'undefined', Database:'CRM3', SSPI:'', AttachDbFile:'', ChangePassword:''
State change: SentPrelogin -> SentLogin7WithStandardLogin

Received
  type:0x04(TABULAR_RESULT), status:0x01(EOM), length:0x018D, spid:0x0038, packetId:0x01, window:0x00
  0000  E3170001 04430052 004D0033 00066D00 61007300 74006500 7200AB6E 00451600  .....C.R.M.3..m. a.s.t.e. r..n.E..
  0020  00020023 00430068 0061006E 00670065 00640020 00640061 00740061 00620061  ...#.C.h.a.n.g.e.d. .d.a.t.a.b.a
  0040  00730065 00200063 006F006E 00740065 00780074 00200074 006F0020 00270043  .s.e. .c.o.n.t.e.x.t. .t.o. .'.C
  0060  0052004D 00330027 002E000D 44004500 56005300 52005600 5C004400 45005600  .R.M.3.'....D.E. V.S.R.V. \.D.E.V.
  0080  53005100 4C000001 000000E3 08000705 0904D000 3400E317 00020A75 0073005F  S.Q.L... ........ ....4... ...u.s._
  00A0  0065006E 0067006C 00690073 00680000 AB760047 16000001 00270043 00680061  .e.n.g.l.i.s.h.. .v.G.... .'.C.h.a
  00C0  006E0067 00650064 0020006C 0061006E 00670075 00610067 00650020 00730065  .n.g.e.d. .l.a.n.g.u.a.g.e. .s.e
  00E0  00740074 0069006E 00670020 0074006F 00200075 0073005F 0065006E 0067006C  .t.t.i.n.g. .t.o. .u.s._.e.n.g.l
  0100  00690073 0068002E 000D4400 45005600 53005200 56005C00 44004500 56005300  .i.s.h....D.E.V. S.R.V.\. D.E.V.S.
  0120  51004C00 00010000 00AD3600 01740000 04164D00 69006300 72006F00 73006F00  Q.L..... ..6..t.. ..M.i.c. r.o.s.o.
  0140  66007400 20005300 51004C00 20005300 65007200 76006500 72000000 00000B00  f.t. .S. Q.L. .S. e.r.v.e. r.......
  0160  14DFE313 00040434 00300039 00360004 34003000 39003600 FD000000 00000000  .......4.0.9.6.. 4.0.9.6. ........
  0180  00000000 00  .....
Packet size changed from 4096 to 4096
State change: SentLogin7WithStandardLogin -> LoggedInSendingInitialSql

Sent
  type:0x01(SQL_BATCH), status:0x01(EOM), length:0x0334, spid:0x0000, packetId:0x01, window:0x00
  0000  16000000 12000000 02000000 00000000 00000100 00007300 65007400 20007400  ........ ........ ......s. e.t. .t.
  0020  65007800 74007300 69007A00 65002000 32003100 34003700 34003800 33003600  e.x.t.s. i.z.e. . 2.1.4.7. 4.8.3.6.
  0040  34003700 0A007300 65007400 20007100 75006F00 74006500 64005F00 69006400  4.7...s. e.t. .q. u.o.t.e. d._.i.d.
  0060  65006E00 74006900 66006900 65007200 20006F00 6E000A00 73006500 74002000  e.n.t.i. f.i.e.r.  .o.n... s.e.t. .
  0080  61007200 69007400 68006100 62006F00 72007400 20006F00 66006600 0A007300  a.r.i.t. h.a.b.o. r.t. .o. f.f...s.
  00A0  65007400 20006E00 75006D00 65007200 69006300 5F007200 6F007500 6E006400  e.t. .n. u.m.e.r. i.c._.r. o.u.n.d.
  00C0  61006200 6F007200 74002000 6F006600 66000A00 73006500 74002000 61006E00  a.b.o.r. t. .o.f. f...s.e. t. .a.n.
  00E0  73006900 5F007700 61007200 6E006900 6E006700 73002000 6F006E00 0A007300  s.i._.w. a.r.n.i. n.g.s. . o.n...s.
  0100  65007400 20006100 6E007300 69005F00 70006100 64006400 69006E00 67002000  e.t. .a. n.s.i._. p.a.d.d. i.n.g. .
  0120  6F006E00 0A007300 65007400 20006100 6E007300 69005F00 6E007500 6C006C00  o.n...s. e.t. .a. n.s.i._. n.u.l.l.
  0140  73002000 6F006E00 0A007300 65007400 20006100 6E007300 69005F00 6E007500  s. .o.n. ..s.e.t.  .a.n.s. i._.n.u.
  0160  6C006C00 5F006400 66006C00 74005F00 6F006E00 20006F00 6E000A00 73006500  l.l._.d. f.l.t._. o.n. .o. n...s.e.
  0180  74002000 63006F00 6E006300 61007400 5F006E00 75006C00 6C005F00 79006900  t. .c.o. n.c.a.t. _.n.u.l. l._.y.i.
  01A0  65006C00 64007300 5F006E00 75006C00 6C002000 6F006E00 0A007300 65007400  e.l.d.s. _.n.u.l. l. .o.n. ..s.e.t.
  01C0  20006300 75007200 73006F00 72005F00 63006C00 6F007300 65005F00 6F006E00   .c.u.r. s.o.r._. c.l.o.s. e._.o.n.
  01E0  5F006300 6F006D00 6D006900 74002000 6F006600 66000A00 73006500 74002000  _.c.o.m. m.i.t. . o.f.f... s.e.t. .
  0200  69006D00 70006C00 69006300 69007400 5F007400 72006100 6E007300 61006300  i.m.p.l. i.c.i.t. _.t.r.a. n.s.a.c.
  0220  74006900 6F006E00 73002000 6F006600 66000A00 73006500 74002000 6C006100  t.i.o.n. s. .o.f. f...s.e. t. .l.a.
  0240  6E006700 75006100 67006500 20007500 73005F00 65006E00 67006C00 69007300  n.g.u.a. g.e. .u. s._.e.n. g.l.i.s.
  0260  68000A00 73006500 74002000 64006100 74006500 66006F00 72006D00 61007400  h...s.e. t. .d.a. t.e.f.o. r.m.a.t.
  0280  20006D00 64007900 0A007300 65007400 20006400 61007400 65006600 69007200   .m.d.y. ..s.e.t.  .d.a.t. e.f.i.r.
  02A0  73007400 20003700 0A007300 65007400 20007400 72006100 6E007300 61006300  s.t. .7. ..s.e.t.  .t.r.a. n.s.a.c.
  02C0  74006900 6F006E00 20006900 73006F00 6C006100 74006900 6F006E00 20006C00  t.i.o.n.  .i.s.o. l.a.t.i. o.n. .l.
  02E0  65007600 65006C00 20007200 65006100 64002000 63006F00 6D006D00 69007400  e.v.e.l.  .r.e.a. d. .c.o. m.m.i.t.
  0300  74006500 64000A00 73006500 74002000 78006100 63007400 5F006100 62006F00  t.e.d... s.e.t. . x.a.c.t. _.a.b.o.
  0320  72007400 20006F00 66006600   r.t. .o. f.f.

Received
  type:0x04(TABULAR_RESULT), status:0x01(EOM), length:0x0172, spid:0x0038, packetId:0x01, window:0x00
  0000  FD0100BE 00000000 00000000 00FD0100 BA000000 00000000 0000FD01 00BA0000  ........ ........ ........ ........
  0020  00000000 000000FD 0100B900 00000000 00000000 FD0100B9 00000000 00000000  ........ ........ ........ ........
  0040  00FD0100 B9000000 00000000 0000FD01 00B90000 00000000 000000FD 0100B900  ........ ........ ........ ........
  0060  00000000 00000000 FD0100BA 00000000 00000000 00FD0100 BA000000 00000000  ........ ........ ........ ........
  0080  0000E32B 00020A75 0073005F 0065006E 0067006C 00690073 0068000A 75007300  ...+...u.s._.e.n.g.l.i.s.h..u.s.
  00A0  5F006500 6E006700 6C006900 73006800 AB760047 16000001 00270043 00680061  _.e.n.g. l.i.s.h. .v.G.... .'.C.h.a
  00C0  006E0067 00650064 0020006C 0061006E 00670075 00610067 00650020 00730065  .n.g.e.d. .l.a.n.g.u.a.g.e. .s.e
  00E0  00740074 0069006E 00670020 0074006F 00200075 0073005F 0065006E 0067006C  .t.t.i.n.g. .t.o. .u.s._.e.n.g.l
  0100  00690073 0068002E 000D4400 45005600 53005200 56005C00 44004500 56005300  .i.s.h....D.E.V. S.R.V.\. D.E.V.S.
  0120  51004C00 000C0000 00FD0100 F9000000 00000000 0000FD01 00F90000 00000000  Q.L..... ........ ........ ........
  0140  000000FD 0100F900 00000000 00000000 FD0100F9 00000000 00000000 00FD0000  ........ ........ ........ ........
  0160  BA000000 00000000 0000  ........ ..
State change: LoggedInSendingInitialSql -> LoggedIn

Sent
  type:0x03(RPC_REQUEST), status:0x01(EOM), length:0x00DE, spid:0x0000, packetId:0x01, window:0x00
  0000  16000000 12000000 02000000 00000000 00000100 00000D00 73007000 5F006500  ........ ........ ........ s.p._.e.
  0020  78006500 63007500 74006500 73007100 6C000000 0A400073 00740061 00740065  x.e.c.u. t.e.s.q. l....@.s.t.a.t.e
  0040  006D0065 006E0074 0000E782 00000000 00008200 73006500 6C006500 63007400  .m.e.n.t........ ....s.e. l.e.c.t.
  0060  20007400 6F007000 20003100 30003000 20002A00 20006600 72006F00 6D002000   .t.o.p.  .1.0.0.  .*. .f. r.o.m. .
  0080  75007300 65007200 73002000 77006800 65007200 65002000 69007300 61006300  u.s.e.r. s. .w.h. e.r.e. . i.s.a.c.
  00A0  74006900 76006500 3D003100 20006F00 72006400 65007200 20006200 79002000  t.i.v.e. =.1. .o. r.d.e.r.  .b.y. .
  00C0  75007300 65007200 69006400 20006400 65007300 6300  u.s.e.r. i.d. .d. e.s.c.
  RPC Request - sp_executesql
State change: LoggedIn -> SentClientRequest

Received
  type:0x04(TABULAR_RESULT), status:0x00(), length:0x1000, spid:0x0038, packetId:0x01, window:0x00
  0000  81100000 00000010 00380655 00730065 00720049 00440000 00000008 00E76400  ........ .8.U.s.e.r.I.D.. ......d.
  0020  0904D000 34085500 73006500 72006E00 61006D00 65000000 00000800 E7640009  ....4.U. s.e.r.n. a.m.e... .....d..
  0040  04D00034 08500061 00730073 0077006F 00720064 00000000 000800E7 64000904  ...4.P.a.s.s.w.o.r.d.... ....d...
  0060  D0003409 46006900 72007300 74004E00 61006D00 65000000 00000800 E7640009  ..4.F.i. r.s.t.N. a.m.e... .....d..
  0080  04D00034 084C0061 00730074 004E0061 006D0065 00000000 000800E7 F4010904  ...4.L.a.s.t.N.a.m.e.... ........
  00A0  D0003405 45006D00 61006900 6C000000 00000900 E7F40109 04D00034 10500061  ..4.E.m. a.i.l... ........ ...4.P.a
  00C0  00730073 0077006F 00720064 00510075 00650073 00740069 006F006E 00000000  .s.s.w.o.r.d.Q.u.e.s.t.i.o.n....
  00E0  000900E7 F4010904 D000340E 50006100 73007300 77006F00 72006400 41006E00  ........ ..4.P.a. s.s.w.o. r.d.A.n.
  0100  73007700 65007200 00000000 08003208 49007300 4F006E00 6C006900 6E006500  s.w.e.r. ......2. I.s.O.n. l.i.n.e.
  0120  00000000 08002A07 0B440061 00740065 00430072 00650061 00740065 00640000  ......*. .D.a.t.e.C.r.e.a.t.e.d..
  0140  00000008 00320849 00730041 00630074 00690076 00650000 00000008 00320949  .....2.I.s.A.c.t.i.v.e.. .....2.I
  0160  00730044 0065006C 00650074 00650064 00000000 000900E7 64000904 D0003408  .s.D.e.l.e.t.e.d........ d.....4.
  0180  55007300 65007200 52006100 6E006B00 00000000 09002604 0C550073 00650072  U.s.e.r. R.a.n.k. ......&. .U.s.e.r
  01A0  00460054 00440043 006F0075 006E0074 00000000 00090026 040D5500 73006500  .F.T.D.C.o.u.n.t.......&..U.s.e.
  01C0  72004600 54004400 41006D00 6F007500 6E007400 00000000 09002A07 0C440061  r.F.T.D. A.m.o.u. n.t..... ..*..D.a
  01E0  00740065 004D006F 00640069 00660069 00650064 00A90200 0100D2C0 001F0800  .t.e.M.o.d.i.f.i.e.d.... ........
  0200  000C0064 0061006C 00690065 00720000 00000000 00300064 00610069 006C0065  ...d.a.l.i.e.r.. .....0.d.a.i.l.e
  0220  00720076 00700040 007A0075 00720069 00630068 00700072 0069006D 0065002E  .r.v.p.@.z.u.r.i.c.h.p.r.i.m.e..
  0240  0063006F 006D0000 08F0BB2D BB6A223D 0B010002 00610004 00000000 04000000  .c.o.m.. ...-.j"=.....a.. ........
  0260  0008F0BB 2DBB6A22 3D0BD200 701B0800 000C0062 0065006E 006E0079 006D0012  ....-.j"=...p... ...b.e.n.n.y.m..
  0280  0062006D 00310032 00330034 00350036 0021000A 00420065 006E006E 00790010  .b.m.1.2.3.4.5.6.!...B.e.n.n.y..
  02A0  004D0065 006E0067 00650073 00680061 00380062 0065006E 006E0079 002E0064  .M.e.n.g.e.s.h.a.8.b.e.n.n.y...d
  02C0  006D0064 002E0063 0072006D 0040006D 00610069 006C0069 006E0061 0074006F  .m.d...c.r.m.@.m.a.i.l.i.n.a.t.o
  02E0  0072002E 0063006F 006D0012 00620031 006A0038 00740034 00350063 00210012  .r...c.o.m...b.1.j.8.t.4.5.c.!..
  0300  00620031 006A0038 00740034 00350063 00210000 08F09FD3 4966353C 0B010008  .b.1.j.8.t.4.5.c.!...... If5<....
  0320  F09FD349 66353C0B D2C0701A 0800000E 00760069 00630074 006F0072 0073000E  ...If5<. ..p..... .v.i.c.t.o.r.s..
  0340  00760069 00630035 00390033 0021000E 00560069 00630074 006F0072 0020000A  .v.i.c.5.9.3.!.. .V.i.c.t.o.r. ..
  0360  00530077 00650069 006E002E 00760069 00630074 006F0072 00730040 007A0075  .S.w.e.i.n...v.i.c.t.o.r.s.@.z.u
  0380  00720069 00630068 00700072 0069006D 0065002E 0063006F 006D0000 083C7A5F  .r.i.c.h.p.r.i.m.e...c.o.m...<z_
  03A0  8462BE3B 0B010008 3C7A5F84 62BE3B0B D2C07019 0800000C 00730061 00730068  .b.;.... <z_.b.;. ..p..... .s.a.s.h
  03C0  00610062 000E0073 00610073 00340030 00390021 000C0053 00610073 00680061  .a.b...s.a.s.4.0.9.!...S.a.s.h.a
  03E0  0020000A 00420072 00610064 0079002C 00730061 00730068 00610062 0040007A  . ...B.r.a.d.y.,.s.a.s.h.a.b.@.z
  0400  00750072 00690063 00680070 00720069 006D0065 002E0063 006F006D 00000849  .u.r.i.c.h.p.r.i.m.e...c.o.m...I
  0420  AE1B3F62 BE3B0B01 000849AE 1B3F62BE 3B0BD2C0 60180800 000C006C 0065006F  ..?b.;.. ..I..?b. ;...`... ...l.e.o
  0440  006E0072 00650012 0063006A 006F006F 00620032 00520044 00660008 004C0065  .n.r.e.. .c.j.o.o.b.2.R.D.f...L.e
  0460  006F006E 0008004C 0065006F 006E002A 006C0065 006F006E 00720065 00400064  .o.n...L.e.o.n.*.l.e.o.n.r.e.@.d
  0480  006D0064 006F006E 006C0069 006E0065 002E0069 006E0066 006F0000 083C9AF0  .m.d.o.n.l.i.n.e...i.n.f.o...<..
  04A0  9A9BB93B 0B010002 00610008 3C9AF09A 9BB93B0B D2C06017 0800000E 0067006F  ...;.... .a..<... ..;...`. .....g.o
  04C0  00720064 006F006E 00700010 0067006F 00720064 00310032 00330021 000C0047  .r.d.o.n.p...g.o.r.d.1.2.3.!...G
  04E0  006F0072 0064006F 006E0008 00500061 00670065 002E0067 006F0072 0064006F  .o.r.d.o.n...P.a.g.e...g.o.r.d.o
  0500  006E0070 0040007A 00750072 00690063 00680070 00720069 006D0065 002E0063  .n.p.@.z.u.r.i.c.h.p.r.i.m.e...c
  0520  006F006D 0000080A C90A677D B93B0B01 00020061 00080AC9 0A677DB9 3B0BD2C0  .o.m.... ..g}.;.. ...a.... .g}.;...
  0540  70160800 000C006D 0061006E 0061006C 006B000E 006D0061 006E0038 00300039  p......m.a.n.a.l.k...m.a.n.8.0.9
  0560  0021000C 004D0061 006E0061 006C0020 000A004B 00610072 0061006D 002C006D  .!...M.a.n.a.l. ...K.a.r.a.m.,.m
  0580  0061006E 0061006C 006B0040 007A0075 00720069 00630068 00700072 0069006D  .a.n.a.l.k.@.z.u.r.i.c.h.p.r.i.m
  05A0  0065002E 0063006F 006D0000 0822F73A 497CB83B 0B010008 22F73A49 7CB83B0B  .e...c.o.m...".:I|.;.... ".:I|.;.
  05C0  D2C07015 0800000E 00720061 00730068 00690064 0065000E 00720061 00730030  ..p..... .r.a.s.h.i.d.e.. .r.a.s.0
  05E0  00390038 0021000E 00520061 00730068 00690064 00200010 0065006C 00730068  .9.8.!.. .R.a.s.h.i.d. .. .e.l.s.h
  0600  00650069 006B0068 002E0072 00610073 00680069 00640065 0040007A 00750072  .e.i.k.h...r.a.s.h.i.d.e.@.z.u.r
  0620  00690063 00680070 00720069 006D0065 002E0063 006F006D 00000897 C9A36C59  .i.c.h.p.r.i.m.e...c.o.m......lY
  0640  B83B0B01 000897C9 A36C59B8 3B0BD2C0 70140800 000A0068 0061006E 006B0068  .;...... .lY.;... p......h.a.n.k.h
  0660  000E0068 0061006E 00320030 00310021 000A0048 0061006E 006B0020 000C0048  ...h.a.n.2.0.1.!...H.a.n.k. ...H
  0680  00610072 00700065 0072002A 00680061 006E006B 00680040 007A0075 00720069  .a.r.p.e.r.*.h.a.n.k.h.@.z.u.r.i
  06A0  00630068 00700072 0069006D 0065002E 0063006F 006D0000 08E1022F A18EB63B  .c.h.p.r.i.m.e...c.o.m.. .../...;
  06C0  0B010008 E1022FA1 8EB63B0B D2C07013 08000010 00630069 006C006C 00690061  ....../. ..;...p. .....c.i.l.l.i.a
  06E0  006E006D 000E0063 0069006C 00300039 00320021 00100043 0069006C 006C0069  .n.m...c.i.l.0.9.2.!...C.i.l.l.i
  0700  0061006E 0020000C 004D0075 00720070 00680079 00300063 0069006C 006C0069  .a.n. .. .M.u.r.p.h.y.0.c.i.l.l.i
  0720  0061006E 006D0040 007A0075 00720069 00630068 00700072 0069006D 0065002E  .a.n.m.@.z.u.r.i.c.h.p.r.i.m.e..
  0740  0063006F 006D0000 080ED5D2 7C8EB63B 0B010008 0ED5D27C 8EB63B0B D2C07012  .c.o.m.. ....|..;.......|..;...p.
  0760  0800000C 00650064 00670061 00720074 000E0065 00640067 00300039 00360021  .....e.d.g.a.r.t...e.d.g.0.9.6.!
  0780  000C0045 00640067 00610072 00200010 00540069 006C006C 006D0061 006E006E  ...E.d.g.a.r. .. .T.i.l.l.m.a.n.n
  07A0  002C0065 00640067 00610072 00740040 007A0075 00720069 00630068 00700072  .,.e.d.g.a.r.t.@.z.u.r.i.c.h.p.r
  07C0  0069006D 0065002E 0063006F 006D0000 088CAAA4 478EB63B 0B010008 8CAAA447  .i.m.e...c.o.m.. ....G..;.......G
  07E0  8EB63B0B D2C07011 0800000A 00720065 0065006D 006D000E 00720065 00650034  ..;...p. .....r.e.e.m.m.. .r.e.e.4
  0800  00330036 0021000A 00520065 0065006D 0020000C 004D0061 006E0073 006F0072  .3.6.!.. .R.e.e.m. ...M.a.n.s.o.r
  0820  002A0072 00650065 006D006D 0040007A 00750072 00690063 00680070 00720069  .*.r.e.e.m.m.@.z.u.r.i.c.h.p.r.i
  0840  006D0065 002E0063 006F006D 0000083B 02C83D7A B63B0B01 00083B02 C83D7AB6  .m.e...c.o.m...;..=z.;.. ..;..=z.
  0860  3B0BD2C0 70100800 000C007A 00690061 00640068 0061000E 007A0069 00610034  ;...p... ...z.i.a.d.h.a.. .z.i.a.4
  0880  00300039 0021000A 005A0069 00610064 0020000C 00480061 006C0061 00620069  .0.9.!.. .Z.i.a.d. ...H.a.l.a.b.i
  08A0  002C007A 00690061 00640068 00610040 007A0075 00720069 00630068 00700072  .,.z.i.a.d.h.a.@.z.u.r.i.c.h.p.r
  08C0  0069006D 0065002E 0063006F 006D0000 085E4C27 1B7AB63B 0B010008 5E4C271B  .i.m.e...c.o.m.. .^L'.z.;....^L'.
  08E0  7AB63B0B D2C0700F 0800000C 007A0069 00610064 00680061 000E007A 00690061  z.;...p. .....z.i.a.d.h.a...z.i.a
  0900  00340030 00390021 000A005A 00690061 00640020 000C0048 0061006C 00610062  .4.0.9.!...Z.i.a.d. ...H.a.l.a.b
  0920  0069002C 007A0069 00610064 00680061 0040007A 00750072 00690063 00680070  .i.,.z.i.a.d.h.a.@.z.u.r.i.c.h.p
  0940  00720069 006D0065 002E0063 006F006D 00000800 855D197A B63B0B01 00080085  .r.i.m.e...c.o.m.....].z.;......
  0960  5D197AB6 3B0BD2C0 700E0800 000C007A 00690061 00640068 0061000E 007A0069  ].z.;... p......z.i.a.d.h.a...z.i
  0980  00610034 00300039 0021000A 005A0069 00610064 0020000C 00480061 006C0061  .a.4.0.9.!...Z.i.a.d. .. .H.a.l.a
  09A0  00620069 002C007A 00690061 00640068 00610040 007A0075 00720069 00630068  .b.i.,.z.i.a.d.h.a.@.z.u.r.i.c.h
  09C0  00700072 0069006D 0065002E 0063006F 006D0000 0800855D 197AB63B 0B010008  .p.r.i.m.e...c.o.m.....].z.;....
  09E0  00855D19 7AB63B0B D2C0700D 08000012 006D0075 006E0074 00610073 00690072  ..].z.;. ..p..... .m.u.n.t.a.s.i.r
  0A00  0065000E 006D0075 006E0032 00330030 00210012 004D0075 006E0074 00610073  .e...m.u.n.2.3.0.!...M.u.n.t.a.s
  0A20  00690072 0020000E 0045006E 00620074 00610077 00690032 006D0075 006E0074  .i.r. .. .E.n.b.t.a.w.i.2.m.u.n.t
  0A40  00610073 00690072 00650040 007A0075 00720069 00630068 00700072 0069006D  .a.s.i.r.e.@.z.u.r.i.c.h.p.r.i.m
  0A60  0065002E 0063006F 006D0000 08126F92 A774B63B 0B010008 126F92A7 74B63B0B  .e...c.o.m....o. .t.;.... .o..t.;.
  0A80  D2C0700C 0800000A 006F006D 00610072 0065000E 006F006D 00610030 00380037  ..p..... .o.m.a.r.e...o.m.a.0.8.7
  0AA0  0021000A 004F006D 00610072 0020000A 0045006C 00680061 006A002A 006F006D  .!...O.m.a.r. .. .E.l.h.a.j.*.o.m
  0AC0  00610072 00650040 007A0075 00720069 00630068 00700072 0069006D 0065002E  .a.r.e.@.z.u.r.i.c.h.p.r.i.m.e..
  0AE0  0063006F 006D0000 083CFEC7 1374B63B 0B010008 3CFEC713 74B63B0B D2C0700B  .c.o.m.. .<...t.;....<... t.;...p.
  0B00  0800000E 006A006F 00730065 00700068 0063000E 006A006F 00730033 00300034  .....j.o.s.e.p.h.c...j.o.s.3.0.4
  0B20  0021000C 004A006F 00730065 00700068 000A0063 006F0068 0065006E 0030006A  .!...J.o.s.e.p.h...c.o.h.e.n.0.j
  0B40  006F0073 00650070 00680063 00400064 00690067 00690074 0061006C 002D0062  .o.s.e.p.h.c.@.d.i.g.i.t.a.l.-.b
  0B60  006C0076 0064002E 0063006F 006D0000 08D73AA5 A54DB63B 0B010008 D73AA5A5  .l.v.d...c.o.m.. ..:..M.;.....:..
  0B80  4DB63B0B D2C0700A 0800000E 006D0061 00720077 0061006E 0068000E 006D0061  M.;...p. .....m.a.r.w.a.n.h...m.a
  0BA0  00720034 00350030 0021000E 004D0061 00720077 0061006E 0020000C 00480061  .r.4.5.0.!...M.a.r.w.a.n. ...H.a
  0BC0  006D0065 00650064 002E006D 00610072 00770061 006E0068 0040007A 00750072  .m.e.e.d...m.a.r.w.a.n.h.@.z.u.r
  0BE0  00690063 00680070 00720069 006D0065 002E0063 006F006D 00000874 E41E608A  .i.c.h.p.r.i.m.e...c.o.m...t..`.
  0C00  A23B0B01 000874E4 1E608AA2 3B0BD2C0 70090800 000E006B 00680061 006C0069  .;....t. .`..;... p......k.h.a.l.i
  0C20  00640065 000E006B 00680061 00310032 00370021 000E004B 00680061 006C0069  .d.e...k.h.a.1.2.7.!...K.h.a.l.i
  0C40  00640020 00080045 006D0061 006D002E 006B0068 0061006C 00690064 00650040  .d. ...E.m.a.m...k.h.a.l.i.d.e.@
  0C60  007A0075 00720069 00630068 00700072 0069006D 0065002E 0063006F 006D0000  .z.u.r.i.c.h.p.r.i.m.e...c.o.m..
  0C80  08695E4C 6C89A23B 0B010008 695E4C6C 89A23B0B D2C07008 0800000A 006F0072  .i^Ll..;....i^Ll..;...p. .....o.r
  0CA0  0065006E 0062000E 006F0072 00650037 00300036 00210008 004F0072 0065006E  .e.n.b.. .o.r.e.7.0.6.!.. .O.r.e.n
  0CC0  000A0042 00610072 0061006B 002C004F 00720065 006E0042 00400064 00690067  ...B.a.r.a.k.,.O.r.e.n.B.@.d.i.g
  0CE0  00690074 0061006C 002D0062 006C0076 0064002E 0063006F 006D0000 08C2439C  .i.t.a.l.-.b.l.v.d...c.o.m....C.
  0D00  A162A23B 0B010008 C2439CA1 62A23B0B D2C07007 0800000E 00730075 006C0074  .b.;.... .C..b.;. ..p..... .s.u.l.t
  0D20  0061006E 0074000E 00730075 006C0030 00300032 0021000E 00530075 006C0074  .a.n.t.. .s.u.l.0.0.2.!.. .S.u.l.t
  0D40  0061006E 00200010 0041006C 00200054 00610079 00650062 002E0073 0075006C  .a.n. .. .A.l. .T.a.y.e.b...s.u.l
  0D60  00740061 006E0074 0040007A 00750072 00690063 00680070 00720069 006D0065  .t.a.n.t.@.z.u.r.i.c.h.p.r.i.m.e
  0D80  002E0063 006F006D 0000086A 8809ED5F A23B0B01 00086A88 09ED5FA2 3B0BD2C0  ...c.o.m...j..._.;....j. .._.;...
  0DA0  70060800 000A0049 00540065 00730074 00140078 0067006C 006F0062 00650031  p......I.T.e.s.t...x.g.l.o.b.e.1
  0DC0  00320033 00340004 00660066 00040066 0066001C 00660066 00660066 00400067  .2.3.4.. .f.f...f.f...f.f.f.f.@.g
  0DE0  00680067 00680067 002E0063 006F006D 00000869 BEB5D260 9D3B0B01 000869BE  .h.g.h.g...c.o.m...i...`.;....i.
  0E00  B5D2609D 3B0BD2C0 70050800 000C006A 0069006D 006D0079 006E000E 006A0069  ..`.;... p......j.i.m.m.y.n...j.i
  0E20  006D0035 00360034 0021000C 004A0069 006D006D 00790020 000A004E 006F0076  .m.5.6.4.!...J.i.m.m.y. ...N.o.v
  0E40  0061006B 002C006A 0069006D 006D0079 006E0040 007A0075 00720069 00630068  .a.k.,.j.i.m.m.y.n.@.z.u.r.i.c.h
  0E60  00700072 0069006D 0065002E 0063006F 006D0000 083E5AFD 8484943B 0B010008  .p.r.i.m.e...c.o.m...>Z. ...;....
  0E80  3E5AFD84 84943B0B D2C07002 08000012 006D006F 00680061 006D006D 00610064  >Z....;. ..p..... .m.o.h.a.m.m.a.d
  0EA0  0061000E 006D006F 00680035 00360030 00210012 006D006F 00680061 006D006D  .a...m.o.h.5.6.0.!...m.o.h.a.m.m
  0EC0  00610064 0020000C 00610062 00620061 00730069 0032006D 006F0068 0061006D  .a.d. .. .a.b.b.a.s.i.2.m.o.h.a.m
  0EE0  006D0061 00640061 0040007A 00750072 00690063 00680070 00720069 006D0065  .m.a.d.a.@.z.u.r.i.c.h.p.r.i.m.e
  0F00  002E0063 006F006D 000008F2 5AD8B393 8F3B0B01 0008F25A D8B3938F 3B0BD2C0  ...c.o.m....Z... .;.....Z....;...
  0F20  70010800 000E0073 00650072 00650065 006E0073 000E0073 00650072 00340030  p......s.e.r.e.e.n.s...s.e.r.4.0
  0F40  00390021 000E0073 00650072 00650065 006E0020 000E0073 00680061 00720061  .9.!...s.e.r.e.e.n. ...s.h.a.r.a
  0F60  00770069 002E0073 00650072 00650065 006E0073 0040007A 00750072 00690063  .w.i...s.e.r.e.e.n.s.@.z.u.r.i.c
  0F80  00680070 00720069 006D0065 002E0063 006F006D 000008FC DE76F18D 8F3B0B01  .h.p.r.i.m.e...c.o.m.... .v...;..
  0FA0  0008FCDE 76F18D8F 3B0BD2C0 70000800 000A0065 00790061 006C0062 000E0065  ....v... ;...p... ...e.y.a.l.b...e
  0FC0  00790061 00320033 00360021 00080045 00790061 006C0012 00420065 006E0020  .y.a.2.3.6.!...E.y.a.l.. .B.e.n. 
  0FE0  00440061 00760069 00640028 00450079 0061006C 00620040   .D.a.v.i.d.(.E.y.a.l.b.@

Received
  type:0x04(TABULAR_RESULT), status:0x00(), length:0x1000, spid:0x0038, packetId:0x02, window:0x00
  0000  0064006D 0064006F 006E006C 0069006E 0065002E 0069006E 0066006F 000008D1  .d.m.d.o.n.l.i.n.e...i.n.f.o....
  0020  593A2F75 8D3B0B01 0008D159 3A2F758D 3B0BD2C0 70FF0700 000C006B 00650076  Y:/u.;.. ...Y:/u. ;...p... ...k.e.v
  0040  0069006E 0073000E 006B0065 00760039 00380032 0021000C 004B0065 00760069  .i.n.s.. .k.e.v.9.8.2.!.. .K.e.v.i
  0060  006E0020 00080053 00680061 0077002C 006B0065 00760069 006E0073 0040007A  .n. ...S.h.a.w.,.k.e.v.i.n.s.@.z
  0080  00750072 00690063 00680070 00720069 006D0065 002E0063 006F006D 00000868  .u.r.i.c.h.p.r.i.m.e...c.o.m...h
  00A0  35A3E280 893B0B01 00086835 A3E28089 3B0BD2C0 70FE0700 000A0073 0061006D  5....;.. ..h5.... ;...p... ...s.a.m
  00C0  00690062 000E0073 0061006D 00380039 00310021 000A0053 0061006D 00690020  .i.b...s.a.m.8.9.1.!...S.a.m.i. 
  00E0  00100042 00610072 0061006B 00610074 0020002A 00730061 006D0069 00620040  ...B.a.r.a.k.a.t. .*.s.a.m.i.b.@
  0100  007A0075 00720069 00630068 00700072 0069006D 0065002E 0063006F 006D0000  .z.u.r.i.c.h.p.r.i.m.e...c.o.m..
  0120  08E70EB4 B95F893B 0B010008 E70EB4B9 5F893B0B D2C070FD 0700000E 00790061  ....._.;........ _.;...p. .....y.a
  0140  00730073 00650072 0068000E 00790061 00730032 00310036 0021000E 00590061  .s.s.e.r.h...y.a.s.2.1.6.!...Y.a
  0160  00730073 00650072 00200010 00480061 006D006D 006F0075 00640020 002E0079  .s.s.e.r. ...H.a.m.m.o.u.d. ...y
  0180  00610073 00730065 00720068 0040007A 00750072 00690063 00680070 00720069  .a.s.s.e.r.h.@.z.u.r.i.c.h.p.r.i
  01A0  006D0065 002E0063 006F006D 0000081D 2285775F 893B0B01 00081D22 85775F89  .m.e...c.o.m.... ".w_.;.. ...".w_.
  01C0  3B0BD2C0 70FC0700 00100076 0061006C 00650072 00690065 006C000E 00760061  ;...p... ...v.a.l.e.r.i.e.l...v.a
  01E0  006C0039 00390039 00210010 00560061 006C0065 00720069 00650020 0008004C  .l.9.9.9.!...V.a.l.e.r.i.e. ...L
  0200  0065006E 007A0030 00760061 006C0065 00720069 0065006C 0040007A 00750072  .e.n.z.0.v.a.l.e.r.i.e.l.@.z.u.r
  0220  00690063 00680070 00720069 006D0065 002E0063 006F006D 00000876 C482327B  .i.c.h.p.r.i.m.e...c.o.m...v..2{
  0240  873B0B01 000876C4 82327B87 3B0BD2C0 70FB0700 000A0072 0061006E 00610065  .;....v. .2{.;... p......r.a.n.a.e
  0260  000E0072 0061006E 00330030 00390021 00080052 0041004E 00410014 0045004C  ...r.a.n.3.0.9.!...R.A.N.A...E.L
  0280  00410042 00440041 004C004C 00480041 002A0072 0061006E 00610065 0040007A  .A.B.D.A.L.L.H.A.*.r.a.n.a.e.@.z
  02A0  00750072 00690063 00680070 00720069 006D0065 002E0063 006F006D 00000892  .u.r.i.c.h.p.r.i.m.e...c.o.m....
  02C0  64060C90 7F3B0B01 00089264 060C907F 3B0BD2C0 70FA0700 000C0064 00610076  d....;.. ...d.... ;...p... ...d.a.v
  02E0  00690064 0068000E 00640061 00760036 00300039 0021000C 00440061 00760069  .i.d.h.. .d.a.v.6.0.9.!.. .D.a.v.i
  0300  00640020 00080048 00610072 0074002C 00640061 00760069 00640068 0040007A  .d. ...H.a.r.t.,.d.a.v.i.d.h.@.z
  0320  00750072 00690063 00680070 00720069 006D0065 002E0063 006F006D 00000810  .u.r.i.c.h.p.r.i.m.e...c.o.m....
  0340  8E5F964A 7F3B0B01 0008108E 5F964A7F 3B0BD2C0 70F90700 000E0072 00610067  ._.J.;.. ...._.J. ;...p... ...r.a.g
  0360  006E0065 00720067 000E0072 00610067 00370035 00350021 000E0052 00610067  .n.e.r.g...r.a.g.7.5.5.!...R.a.g
  0380  006E0065 00720020 00080047 006F006C 0064002E 00720061 0067006E 00650072  .n.e.r. ...G.o.l.d...r.a.g.n.e.r
  03A0  00670040 007A0075 00720069 00630068 00700072 0069006D 0065002E 0063006F  .g.@.z.u.r.i.c.h.p.r.i.m.e...c.o
  03C0  006D0000 08F70E98 A2497F3B 0B010008 F70E98A2 497F3B0B D2C070F8 0700000A  .m...... .I.;.... ....I.;. ..p.....
  03E0  006E0069 0063006B 0063000E 006E0069 00630035 00390038 00210018 004E0069  .n.i.c.k.c...n.i.c.5.9.8.!...N.i
  0400  0063006B 00200043 006C0061 00750073 00650020 00120056 006F006E 00200047  .c.k. .C.l.a.u.s.e. ...V.o.n. .G
  0420  00720069 006D006D 002A006E 00690063 006B0063 0040007A 00750072 00690063  .r.i.m.m.*.n.i.c.k.c.@.z.u.r.i.c
  0440  00680070 00720069 006D0065 002E0063 006F006D 000008ED 07F57149 7F3B0B01  .h.p.r.i.m.e...c.o.m.... ..qI.;..
  0460  0008ED07 F571497F 3B0BD2C0 70F70700 000A006D 00610072 006B0072 000E006D  .....qI. ;...p... ...m.a.r.k.r...m
  0480  00610072 00340030 00330021 000A004D 00610072 006B0020 000C0052 0065006E  .a.r.4.0.3.!...M.a.r.k. ...R.e.n
  04A0  0074006F 006E002A 006D0061 0072006B 00720040 007A0075 00720069 00630068  .t.o.n.*.m.a.r.k.r.@.z.u.r.i.c.h
  04C0  00700072 0069006D 0065002E 0063006F 006D0000 0881A9A7 39497F3B 0B010008  .p.r.i.m.e...c.o.m...... 9I.;....
  04E0  81A9A739 497F3B0B D2C070F6 07000008 00620065 006E0061 000E0062 0065006E  ...9I.;. ..p..... .b.e.n.a...b.e.n
  0500  00300032 00360021 00080042 0065006E 0020000C 0041006E 00640065 00720073  .0.2.6.!...B.e.n. ...A.n.d.e.r.s
  0520  00280062 0065006E 00610040 007A0075 00720069 00630068 00700072 0069006D  .(.b.e.n.a.@.z.u.r.i.c.h.p.r.i.m
  0540  0065002E 0063006F 006D0000 084054A9 F4487F3B 0B010008 4054A9F4 487F3B0B  .e...c.o.m...@T. .H.;.... @T..H.;.
  0560  D2C070F5 0700000A 004E006F 0061006D 0074000E 006E006F 00610034 00390038  ..p..... .N.o.a.m.t...n.o.a.4.9.8
  0580  0021000A 004E006F 0061006D 0020000C 00540073 00610069 00720069 002C004E  .!...N.o.a.m. .. .T.s.a.i.r.i.,.N
  05A0  006F0061 006D0074 00400064 00690067 00690074 0061006C 002D0062 006C0076  .o.a.m.t.@.d.i.g.i.t.a.l.-.b.l.v
  05C0  0064002E 0063006F 006D0000 0805F680 2F83783B 0B010008 05F6802F 83783B0B  .d...c.o.m...... /.x;.... .../.x;.
  05E0  D2C070F4 0700000E 00610072 00630068 00690065 0072000E 00610072 00630036  ..p..... .a.r.c.h.i.e.r.. .a.r.c.6
  0600  00370039 0021000E 00410072 00630068 00690065 00200014 00520069 00630068  .7.9.!.. .A.r.c.h.i.e. .. .R.i.c.h
  0620  00610072 00640073 006F006E 002E0061 00720063 00680069 00650072 0040007A  .a.r.d.s.o.n...a.r.c.h.i.e.r.@.z
  0640  00750072 00690063 00680070 00720069 006D0065 002E0063 006F006D 000008B8  .u.r.i.c.h.p.r.i.m.e...c.o.m....
  0660  899F9467 743B0B01 0008B889 9F946774 3B0BD2C0 70F30700 000A0073 00650061  ...gt;.. ......gt;...p... ...s.e.a
  0680  006E0064 000E0073 00650061 00340030 00380021 000A0053 00650061 006E0020  .n.d...s.e.a.4.0.8.!...S.e.a.n. 
  06A0  000A0044 00610076 00690073 002A0073 00650061 006E0064 0040007A 00750072  ...D.a.v.i.s.*.s.e.a.n.d.@.z.u.r
  06C0  00690063 00680070 00720069 006D0065 002E0063 006F006D 000008EE DAED5667  .i.c.h.p.r.i.m.e...c.o.m......Vg
  06E0  743B0B01 0008EEDA ED566774 3B0BD2C0 70F20700 000C0063 0068006C 006F0065  t;...... .Vgt;... p......c.h.l.o.e
  0700  006D000E 00630068 006C0030 00360033 0021000C 00430068 006C006F 00650020  .m...c.h.l.0.6.3.!...C.h.l.o.e. 
  0720  000A004D 006F006F 00720065 002C0063 0068006C 006F0065 006D0040 007A0075  ...M.o.o.r.e.,.c.h.l.o.e.m.@.z.u
  0740  00720069 00630068 00700072 0069006D 0065002E 0063006F 006D0000 0877E7F8  .r.i.c.h.p.r.i.m.e...c.o.m...w..
  0760  1E67743B 0B010008 77E7F81E 67743B0B D2C070F0 07000012 0061006C 00690073  .gt;.... w...gt;. ..p..... .a.l.i.s
  0780  00740061 00690072 0074000E 0061006C 00690034 00370031 00210012 0041006C  .t.a.i.r.t...a.l.i.4.7.1.!...A.l
  07A0  00690073 00740061 00690072 0020000C 00540068 006F0072 006E0065 00320061  .i.s.t.a.i.r. .. .T.h.o.r.n.e.2.a
  07C0  006C0069 00730074 00610069 00720074 0040007A 00750072 00690063 00680070  .l.i.s.t.a.i.r.t.@.z.u.r.i.c.h.p
  07E0  00720069 006D0065 002E0063 006F006D 000008F6 9FD33557 6D3B0B01 0008F69F  .r.i.m.e...c.o.m......5Wm;......
  0800  D335576D 3B0BD2C0 70EF0700 000C0072 00690068 0061006D 0061000E 00720069  .5Wm;... p......r.i.h.a.m.a...r.i
  0820  00680039 00300034 0021000C 00520069 00680061 006D0020 00120041 00620075  .h.9.0.4.!...R.i.h.a.m. ...A.b.u
  0840  00200041 0068006D 00650064 002C0072 00690068 0061006D 00610040 007A0075  . .A.h.m.e.d.,.r.i.h.a.m.a.@.z.u
  0860  00720069 00630068 00700072 0069006D 0065002E 0063006F 006D0000 08B07116  .r.i.c.h.p.r.i.m.e...c.o.m....q.
  0880  228C6C3B 0B010008 B0711622 8C6C3B0B D2C070EE 0700000C 00620061 00730065  ".l;.... .q.".l;. ..p..... .b.a.s.e
  08A0  006C0068 000E0062 00610073 00340030 00370021 000A0042 00610073 0065006C  .l.h...b.a.s.4.0.7.!...B.a.s.e.l
  08C0  000A0048 00610064 00610064 002C0062 00610073 0065006C 00680040 007A0075  ...H.a.d.a.d.,.b.a.s.e.l.h.@.z.u
  08E0  00720069 00630068 00700072 0069006D 0065002E 0063006F 006D0000 08E081CF  .r.i.c.h.p.r.i.m.e...c.o.m......
  0900  75776C3B 0B010008 E081CF75 776C3B0B D2C070EC 0700000C 00730061 006C0069  uwl;.... ...uwl;. ..p..... .s.a.l.i
  0920  006D0065 000E0073 0061006C 00300034 00390021 000C0053 0061006C 0069006D  .m.e...s.a.l.0.4.9.!...S.a.l.i.m
  0940  0020000E 0045006C 00620061 006B0072 0069002C 00730061 006C0069 006D0065  . ...E.l.b.a.k.r.i.,.s.a.l.i.m.e
  0960  0040007A 00750072 00690063 00680070 00720069 006D0065 002E0063 006F006D  .@.z.u.r.i.c.h.p.r.i.m.e...c.o.m
  0980  000008D8 3B907089 6A3B0B01 0008D83B 9070896A 3B0BD2C0 70EA0700 000C0073  ....;.p. j;.....;.p.j;... p......s
  09A0  0061006C 00650068 006A000E 00730061 006C0030 00310035 0021000C 00530061  .a.l.e.h.j...s.a.l.0.1.5.!...S.a
  09C0  006C0065 00680020 00140045 006C0020 004A0061 00720061 00730068 0069002C  .l.e.h. ...E.l. .J.a.r.a.s.h.i.,
  09E0  00730061 006C0065 0068006A 0040007A 00750072 00690063 00680070 00720069  .s.a.l.e.h.j.@.z.u.r.i.c.h.p.r.i
  0A00  006D0065 002E0063 006F006D 000008ED 4F8D1089 6A3B0B01 0008ED4F 8D10896A  .m.e...c.o.m.... O...j;.. ...O...j
  0A20  3B0BD2C0 70E90700 000E0073 0075006C 00740061 006E0073 000E0073 0075006C  ;...p... ...s.u.l.t.a.n.s...s.u.l
  0A40  00360035 00370021 000E0073 0075006C 00740061 006E0020 00100073 00680065  .6.5.7.!...s.u.l.t.a.n. ...s.h.e
  0A60  00710061 00720069 0020002E 00730075 006C0074 0061006E 00730040 007A0075  .q.a.r.i. ...s.u.l.t.a.n.s.@.z.u
  0A80  00720069 00630068 00700072 0069006D 0065002E 0063006F 006D0000 08A9B135  .r.i.c.h.p.r.i.m.e...c.o.m.....5
  0AA0  97886A3B 0B010008 A9B13597 886A3B0B D2C060E8 0700000C 00630070 00750073  ..j;.... ..5..j;. ..`..... .c.p.u.s
  0AC0  00650072 000C0063 00700031 00320033 00340004 00630070 00160069 006E0074  .e.r...c.p.1.2.3.4...c.p...i.n.t
  0AE0  00650067 00720061 00740069 006F006E 00160063 00700040 00740065 00730074  .e.g.r.a.t.i.o.n...c.p.@.t.e.s.t
  0B00  002E0063 006F006D 000008FF 5991447C 693B0B01 00020061 0008FF59 91447C69  ...c.o.m....Y.D|i;.....a...Y.D|i
  0B20  3B0BD2C0 70E70700 000A006C 0075006B 00650073 000E006C 0075006B 00390033  ;...p... ...l.u.k.e.s...l.u.k.9.3
  0B40  00350021 000A004C 0075006B 00650020 000C0053 0061006E 0074006F 0073002A  .5.!...L.u.k.e. ...S.a.n.t.o.s.*
  0B60  006C0075 006B0065 00730040 007A0075 00720069 00630068 00700072 0069006D  .l.u.k.e.s.@.z.u.r.i.c.h.p.r.i.m
  0B80  0065002E 0063006F 006D0000 0849DEB4 046E663B 0B010008 49DEB404 6E663B0B  .e...c.o.m...I.. .nf;.... I...nf;.
  0BA0  D2C070E6 0700000A 006C0075 00630079 006C000E 006C0075 00630032 00300036  ..p..... .l.u.c.y.l...l.u.c.2.0.6
  0BC0  0021000A 004C0075 00630079 00200010 004C0061 00760065 006E0064 00650072  .!...L.u.c.y. .. .L.a.v.e.n.d.e.r
  0BE0  002A006C 00750063 0079006C 0040007A 00750072 00690063 00680070 00720069  .*.l.u.c.y.l.@.z.u.r.i.c.h.p.r.i
  0C00  006D0065 002E0063 006F006D 000008B0 B180146D 663B0B01 0008B0B1 80146D66  .m.e...c.o.m.... ...mf;.. ......mf
  0C20  3B0BD2C0 70E50700 000A006C 0069006E 00610068 000E006C 0069006E 00390038  ;...p... ...l.i.n.a.h...l.i.n.9.8
  0C40  00360021 000A004C 0069006E 00610020 000C0048 00610064 00640061 0064002A  .6.!...L.i.n.a. ...H.a.d.d.a.d.*
  0C60  006C0069 006E0061 00680040 007A0075 00720069 00630068 00700072 0069006D  .l.i.n.a.h.@.z.u.r.i.c.h.p.r.i.m
  0C80  0065002E 0063006F 006D0000 08AF09BB C16C663B 0B010008 AF09BBC1 6C663B0B  .e...c.o.m...... .lf;.... ....lf;.
  0CA0  D2C070E4 0700000C 00740065 00730074 00300031 000C0074 00650073 00740030  ..p..... .t.e.s.t.0.1...t.e.s.t.0
  0CC0  00310006 00640064 00640006 00640064 00640032 006E006F 0061006D 002D0074  .1...d.d.d...d.d.d.2.n.o.a.m.-.t
  0CE0  00740074 00400064 00690067 00690074 0061006C 002D0062 006C0076 0064002E  .t.t.@.d.i.g.i.t.a.l.-.b.l.v.d..
  0D00  0063006F 006D0000 0870D901 204B633B 0B010008 70D90120 4B633B0B D2C070E3  .c.o.m.. .p.. Kc;....p.. Kc;...p.
  0D20  0700000E 00670065 006F0072 00670065 006C000E 00670065 006F0030 00320036  .....g.e.o.r.g.e.l...g.e.o.0.2.6
  0D40  0021000E 00470065 006F0072 00670065 0020000A 004C0065 00770069 0073002E  .!...G.e.o.r.g.e. ...L.e.w.i.s..
  0D60  00670065 006F0072 00670065 006C0040 007A0075 00720069 00630068 00700072  .g.e.o.r.g.e.l.@.z.u.r.i.c.h.p.r
  0D80  0069006D 0065002E 0063006F 006D0000 0837CEA6 9A905D3B 0B010008 37CEA69A  .i.m.e...c.o.m.. .7....];....7...
  0DA0  905D3B0B D2C070E2 0700000A 006A0065 0061006E 0073000E 006A0065 00610030  .];...p. .....j.e.a.n.s.. .j.e.a.0
  0DC0  00390033 0021000A 004A0065 0061006E 0020000A 0053006D 00690074 0068002A  .9.3.!.. .J.e.a.n. ...S.m.i.t.h.*
  0DE0  006A0065 0061006E 00730040 007A0075 00720069 00630068 00700072 0069006D  .j.e.a.n.s.@.z.u.r.i.c.h.p.r.i.m
  0E00  0065002E 0063006F 006D0000 08B774A2 C8845D3B 0B010008 B774A2C8 845D3B0B  .e...c.o.m....t. ..];.... .t...];.
  0E20  D2C070E1 0700000C 00730061 00720061 00680070 000E0073 00610072 00360037  ..p..... .s.a.r.a.h.p...s.a.r.6.7
  0E40  00310021 000C0053 00610072 00610068 0020000C 00500061 0072006B 00650072  .1.!...S.a.r.a.h. ...P.a.r.k.e.r
  0E60  002C0073 00610072 00610068 00700040 007A0075 00720069 00630068 00700072  .,.s.a.r.a.h.p.@.z.u.r.i.c.h.p.r
  0E80  0069006D 0065002E 0063006F 006D0000 08A5E74D 47865C3B 0B010008 A5E74D47  .i.m.e...c.o.m.. ...MG.\;......MG
  0EA0  865C3B0B D2C070E0 0700000C 00730061 006C006C 0079006D 000E0073 0061006C  .\;...p. .....s.a.l.l.y.m...s.a.l
  0EC0  00300037 00340021 000C0053 0061006C 006C0079 0020000E 004D0061 00710064  .0.7.4.!...S.a.l.l.y. .. .M.a.q.d
  0EE0  00690073 0069002C 00730061 006C006C 0079006D 0040007A 00750072 00690063  .i.s.i.,.s.a.l.l.y.m.@.z.u.r.i.c
  0F00  00680070 00720069 006D0065 002E0063 006F006D 00000804 E6C4865F 5C3B0B01  .h.p.r.i.m.e...c.o.m.... ..._\;..
  0F20  000804E6 C4865F5C 3B0BD2C0 60DF0700 000A0079 00610065 006C0067 000E0079  ......_\;...`... ...y.a.e.l.g...y
  0F40  00610065 00390030 00390021 00080079 00610065 006C000A 0067006F 00720065  .a.e.9.0.9.!...y.a.e.l.. .g.o.r.e
  0F60  006E002A 00790061 0065006C 00670040 00640069 00670069 00740061 006C0062  .n.*.y.a.e.l.g.@.d.i.g.i.t.a.l.b
  0F80  006C0076 0064002E 0063006F 006D0000 080898C4 6C8B5B3B 0B010002 00610008  .l.v.d...c.o.m.. ....l.[;.....a..
  0FA0  80439EF5 7A813B0B D2C070DD 0700000A 0061006C 00690061 0073000E 0061006C  .C..z.;. ..p..... .a.l.i.a.s...a.l
  0FC0  00690030 00390036 00210008 0041006C 00690020 000A0041 00730073 00610066  .i.0.9.6.!...A.l.i. ...A.s.s.a.f
  0FE0  002A0061 006C0069 00610073 0040007A 00750072 00690063   .*.a.l.i.a.s.@.z.u.r.i.c

Received
  type:0x04(TABULAR_RESULT), status:0x00(), length:0x1000, spid:0x0038, packetId:0x03, window:0x00
  0000  00680070 00720069 006D0065 002E0063 006F006D 00000862 BDD9A88C 543B0B01  .h.p.r.i.m.e...c.o.m...b....T;..
  0020  000862BD D9A88C54 3B0BD2C0 70DC0700 0010006A 00650066 00660072 00650079  ..b....T;...p... ...j.e.f.f.r.e.y
  0040  0077000E 006A0065 00660035 00300033 00210010 004A0065 00660066 00720065  .w...j.e.f.5.0.3.!...J.e.f.f.r.e
  0060  00790020 00100057 0069006C 006C0069 0061006D 00730030 006A0065 00660066  .y. ...W.i.l.l.i.a.m.s.0.j.e.f.f
  0080  00720065 00790077 0040007A 00750072 00690063 00680070 00720069 006D0065  .r.e.y.w.@.z.u.r.i.c.h.p.r.i.m.e
  00A0  002E0063 006F006D 000008CE FB702464 4F3B0B01 0008CEFB 7024644F 3B0BD2C0  ...c.o.m.....p$dO;...... p$dO;...
  00C0  70DB0700 000A006C 00690073 00610061 000E006C 00690073 00350030 00390021  p......l.i.s.a.a...l.i.s.5.0.9.!
  00E0  000A004C 00690073 00610020 000A0041 006C0074 0061006E 002A006C 00690073  ...L.i.s.a. ...A.l.t.a.n.*.l.i.s
  0100  00610061 0040007A 00750072 00690063 00680070 00720069 006D0065 002E0063  .a.a.@.z.u.r.i.c.h.p.r.i.m.e...c
  0120  006F006D 0000084E 55DEFD84 4A3B0B01 00084E55 DEFD844A 3B0BD2C0 60DA0700  .o.m...NU...J;.. ..NU...J;...`...
  0140  0014006A 006F0068 006E0061 00740068 0061006E 0070000E 006A006F 00680037  ...j.o.h.n.a.t.h.a.n.p.. .j.o.h.7
  0160  00380032 00210014 004A006F 0068006E 00610074 00680061 006E0020 00120050  .8.2.!.. .J.o.h.n.a.t.h.a.n. ...P
  0180  00610074 00740065 00720073 006F006E 0034006A 006F0068 006E0061 00740068  .a.t.t.e.r.s.o.n.4.j.o.h.n.a.t.h
  01A0  0061006E 00700040 007A0075 00720069 00630068 00700072 0069006D 0065002E  .a.n.p.@.z.u.r.i.c.h.p.r.i.m.e..
  01C0  0063006F 006D0000 082D979F BB844A3B 0B010002 00610008 B01A50AE 7C4A3B0B  .c.o.m.. .-....J;.....a.. ..P.|J;.
  01E0  D2C070D9 0700000C 00660061 00790065 007A0074 000E0066 00610079 00370030  ..p..... .f.a.y.e.z.t...f.a.y.7.0
  0200  00390021 000C0046 00610079 0065007A 00200010 00540061 006A006F 00750072  .9.!...F.a.y.e.z. ...T.a.j.o.u.r
  0220  00690020 002C0066 00610079 0065007A 00740040 007A0075 00720069 00630068  .i. .,.f.a.y.e.z.t.@.z.u.r.i.c.h
  0240  00700072 0069006D 0065002E 0063006F 006D0000 0828E38D 8B7C483B 0B010008  .p.r.i.m.e...c.o.m...(.. .|H;....
  0260  28E38D8B 7C483B0B D2C070D8 07000010 00610073 0068006C 00650079 00620061  (...|H;. ..p..... .a.s.h.l.e.y.b.a
  0280  000E0061 00730068 00300034 00320021 000E0041 00730068 006C0065 00790020  ...a.s.h.0.4.2.!...A.s.h.l.e.y. 
  02A0  000E0042 00610073 00730065 00740074 00300061 00730068 006C0065 00790062  ...B.a.s.s.e.t.t.0.a.s.h.l.e.y.b
  02C0  00610040 007A0075 00720069 00630068 00700072 0069006D 0065002E 0063006F  .a.@.z.u.r.i.c.h.p.r.i.m.e...c.o
  02E0  006D0000 08C33627 E97B463B 0B010008 C33627E9 7B463B0B D2C070D7 0700000A  .m....6'.{F;.... .6'.{F;. ..p.....
  0300  006A006F 0068006E 0074000E 006A006F 00680033 00300039 0021000A 004A006F  .j.o.h.n.t...j.o.h.3.0.9.!...J.o
  0320  0068006E 0020000C 00540061 0063006B 00650074 002A006A 006F0068 006E0074  .h.n. .. .T.a.c.k.e.t.*.j.o.h.n.t
  0340  0040007A 00750072 00690063 00680070 00720069 006D0065 002E0063 006F006D  .@.z.u.r.i.c.h.p.r.i.m.e...c.o.m
  0360  000008D5 1BB3B07B 463B0B01 0008D51B B3B07B46 3B0BD2C0 70D60700 000A006D  .......{F;...... ..{F;... p......m
  0380  00610072 006B0066 000E006D 00610072 00320038 00360021 000A004D 00610072  .a.r.k.f...m.a.r.2.8.6.!...M.a.r
  03A0  006B0020 00100046 006C0065 00740063 00680065 0072002A 006D0061 0072006B  .k. ...F.l.e.t.c.h.e.r.*.m.a.r.k
  03C0  00660040 007A0075 00720069 00630068 00700072 0069006D 0065002E 0063006F  .f.@.z.u.r.i.c.h.p.r.i.m.e...c.o
  03E0  006D0000 08A2CAB7 857B463B 0B010008 A2CAB785 7B463B0B D2C070D5 0700000C  .m...... .{F;.... ....{F;. ..p.....
  0400  0061006C 00640065 006E0061 000E0061 006C0064 00320039 00370021 000C0041  .a.l.d.e.n.a...a.l.d.2.9.7.!...A
  0420  006C0064 0065006E 00200006 00410078 0065002C 0061006C 00640065 006E0061  .l.d.e.n. ...A.x.e.,.a.l.d.e.n.a
  0440  0040007A 00750072 00690063 00680070 00720069 006D0065 002E0063 006F006D  .@.z.u.r.i.c.h.p.r.i.m.e...c.o.m
  0460  00000849 A0135F7B 463B0B01 000849A0 135F7B46 3B0BD2C0 70D40700 00120063  ...I.._{F;....I. ._{F;... p......c
  0480  006F0075 00720074 006E0065 00790063 000E0063 006F0075 00380039 00330021  .o.u.r.t.n.e.y.c...c.o.u.8.9.3.!
  04A0  00120043 006F0075 00720074 006E0065 00790020 00120043 00610072 00700065  ...C.o.u.r.t.n.e.y. ...C.a.r.p.e
  04C0  00720074 006F006E 00320063 006F0075 00720074 006E0065 00790063 0040007A  .r.t.o.n.2.c.o.u.r.t.n.e.y.c.@.z
  04E0  00750072 00690063 00680070 00720069 006D0065 002E0063 006F006D 000008F3  .u.r.i.c.h.p.r.i.m.e...c.o.m....
  0500  EF06357B 463B0B01 0008F3EF 06357B46 3B0BD2C0 70D30700 000C006A 006F0068  ..5{F;.. .....5{F;...p... ...j.o.h
  0520  006E006D 006F000E 006A006F 00680038 00370030 0021000A 004A006F 0068006E  .n.m.o.. .j.o.h.8.7.0.!.. .J.o.h.n
  0540  00200010 004D006F 00720069 00730073 006F006E 002C006A 006F0068 006E006D  . ...M.o.r.i.s.s.o.n.,.j.o.h.n.m
  0560  006F0040 007A0075 00720069 00630068 00700072 0069006D 0065002E 0063006F  .o.@.z.u.r.i.c.h.p.r.i.m.e...c.o
  0580  006D0000 08CC6F3C 6364423B 0B010008 CC6F3C63 64423B0B D2C070D2 0700000A  .m....o<cdB;.... .o<cdB;. ..p.....
  05A0  006D0061 0078006C 0061000E 006D0061 00780033 00300039 00210008 004D0061  .m.a.x.l.a...m.a.x.3.0.9.!...M.a
  05C0  00780020 000C004C 00610075 00640065 0072002A 006D0061 0078006C 00610040  .x. ...L.a.u.d.e.r.*.m.a.x.l.a.@
  05E0  007A0075 00720069 00630068 00700072 0069006D 0065002E 0063006F 006D0000  .z.u.r.i.c.h.p.r.i.m.e...c.o.m..
  0600  085E41E3 8D56423B 0B010008 5E41E38D 56423B0B D2C070D1 07000014 0061006C  .^A..VB;....^A.. VB;...p. .....a.l
  0620  00650078 0061006E 00640065 0072006F 000E0061 006C0065 00340031 00320021  .e.x.a.n.d.e.r.o...a.l.e.4.1.2.!
  0640  00140041 006C0065 00780061 006E0064 00650072 0020000A 004F006E 00650061  ...A.l.e.x.a.n.d.e.r. .. .O.n.e.a
  0660  006C0034 0061006C 00650078 0061006E 00640065 0072006F 0040007A 00750072  .l.4.a.l.e.x.a.n.d.e.r.o.@.z.u.r
  0680  00690063 00680070 00720069 006D0065 002E0063 006F006D 000008BD C534168C  .i.c.h.p.r.i.m.e...c.o.m.....4..
  06A0  403B0B01 0008BDC5 34168C40 3B0BD2C0 70D00700 000E006D 00610072 00740069  @;...... 4..@;... p......m.a.r.t.i
  06C0  006E0073 000E006D 00610072 00330034 00390021 000E004D 00610072 00740069  .n.s...m.a.r.3.4.9.!...M.a.r.t.i
  06E0  006E0020 000E0053 00740065 00770061 00720074 002E006D 00610072 00740069  .n. ...S.t.e.w.a.r.t...m.a.r.t.i
  0700  006E0073 0040007A 00750072 00690063 00680070 00720069 006D0065 002E0063  .n.s.@.z.u.r.i.c.h.p.r.i.m.e...c
  0720  006F006D 00000817 FB11DD8B 403B0B01 000817FB 11DD8B40 3B0BD2C0 70CF0700  .o.m.... ....@;.. .......@;...p...
  0740  000A006A 0061006E 00650073 000E006A 0061006E 00350036 00300021 000A004A  ...j.a.n.e.s...j.a.n.5.6.0.!...J
  0760  0061006E 00650020 00080053 0069006E 006E002A 006A0061 006E0065 00730040  .a.n.e. ...S.i.n.n.*.j.a.n.e.s.@
  0780  007A0075 00720069 00630068 00700072 0069006D 0065002E 0063006F 006D0000  .z.u.r.i.c.h.p.r.i.m.e...c.o.m..
  07A0  08AB5928 A48B403B 0B010008 AB5928A4 8B403B0B D2C070CD 0700000A 0065006C  ..Y(..@;.....Y(. .@;...p. .....e.l
  07C0  00610061 0061000E 0065006C 00610032 00300031 0021000A 0045006C 00610061  .a.a.a.. .e.l.a.2.0.1.!.. .E.l.a.a
  07E0  00200010 0041006C 006D0061 0073006F 00750064 002A0065 006C0061 00610061  . ...A.l.m.a.s.o.u.d.*.e.l.a.a.a
  0800  0040007A 00750072 00690063 00680070 00720069 006D0065 002E0063 006F006D  .@.z.u.r.i.c.h.p.r.i.m.e...c.o.m
  0820  00000837 C6EE748A 393B0B01 000837C6 EE748A39 3B0BD2C0 70CA0700 000C0077  ...7..t. 9;....7. .t.9;... p......w
  0840  00650073 0061006D 0073000E 00770065 00730034 00330039 0021000C 00570065  .e.s.a.m.s...w.e.s.4.3.9.!...W.e
  0860  00730061 006D0020 000E0053 0061006C 0065006D 00690068 002C0077 00650073  .s.a.m. ...S.a.l.e.m.i.h.,.w.e.s
  0880  0061006D 00730040 007A0075 00720069 00630068 00700072 0069006D 0065002E  .a.m.s.@.z.u.r.i.c.h.p.r.i.m.e..
  08A0  0063006F 006D0000 08C33054 1587393B 0B010008 C3305415 87393B0B D2C070C8  .c.o.m.. ..0T..9;.....0T. .9;...p.
  08C0  0700000A 00650064 00640079 006B000E 00650064 00640038 00370031 0021000A  .....e.d.d.y.k.. .e.d.d.8.7.1.!..
  08E0  00450064 00640079 00200008 004B006E 006F0078 002A0065 00640064 0079006B  .E.d.d.y. ...K.n.o.x.*.e.d.d.y.k
  0900  0040007A 00750072 00690063 00680070 00720069 006D0065 002E0063 006F006D  .@.z.u.r.i.c.h.p.r.i.m.e...c.o.m
  0920  00000873 3759FA75 393B0B01 00087337 59FA7539 3B0BD2C0 70C70700 000E0065  ...s7Y.u9;....s7Y.u9;... p......e
  0940  006D0069 006C0069 006F0063 000E0065 006D0069 00390030 00310021 000E0045  .m.i.l.i.o.c...e.m.i.9.0.1.!...E
  0960  006D0069 006C0069 006F0020 000E0043 00610062 00720065 00720061 002E0065  .m.i.l.i.o. ...C.a.b.r.e.r.a...e
  0980  006D0069 006C0069 006F0063 0040007A 00750072 00690063 00680070 00720069  .m.i.l.i.o.c.@.z.u.r.i.c.h.p.r.i
  09A0  006D0065 002E0063 006F006D 0000082E E6649D75 393B0B01 00082EE6 649D7539  .m.e...c.o.m.....d.u9;.. ....d.u9
  09C0  3B0BD2C0 70C60700 000C0068 0061006D 007A0061 0061000E 00680061 006D0030  ;...p... ...h.a.m.z.a.a.. .h.a.m.0
  09E0  00390038 0021000C 00480061 006D007A 00610020 00120041 00620064 0061006C  .9.8.!.. .H.a.m.z.a. ...A.b.d.a.l
  0A00  006C0061 00680020 002C0068 0061006D 007A0061 00610040 007A0075 00720069  .l.a.h. .,.h.a.m.z.a.a.@.z.u.r.i
  0A20  00630068 00700072 0069006D 0065002E 0063006F 006D0000 0852E10D E950333B  .c.h.p.r.i.m.e...c.o.m.. .R...P3;
  0A40  0B010008 52E10DE9 50333B0B D2C070C5 0700000A 006D0061 00740074 0073000E  ....R... P3;...p. .....m.a.t.t.s..
  0A60  006D0061 00740039 00360035 0021000A 004D0061 00740074 0020000A 00530070  .m.a.t.9.6.5.!.. .M.a.t.t. ...S.p
  0A80  0069006E 006F002A 006D0061 00740074 00730040 007A0075 00720069 00630068  .i.n.o.*.m.a.t.t.s.@.z.u.r.i.c.h
  0AA0  00700072 0069006D 0065002E 0063006F 006D0000 0882363A AD5A323B 0B010008  .p.r.i.m.e...c.o.m....6:.Z2;....
  0AC0  82363AAD 5A323B0B D2C070C4 0700000E 006A006F 00730068 00750061 006D000E  .6:.Z2;. ..p..... .j.o.s.h.u.a.m..
  0AE0  006A006F 00730030 00320034 0021000E 004A006F 00730068 00750061 0020000E  .j.o.s.0.2.4.!.. .J.o.s.h.u.a. ..
  0B00  004D0061 006C006C 006F006E 0065002E 006A006F 00730068 00750061 006D0040  .M.a.l.l.o.n.e...j.o.s.h.u.a.m.@
  0B20  007A0075 00720069 00630068 00700072 0069006D 0065002E 0063006F 006D0000  .z.u.r.i.c.h.p.r.i.m.e...c.o.m..
  0B40  08E7D3AF 3C5A323B 0B010008 E7D3AF3C 5A323B0B D2C070C3 0700000E 00670065  ....<Z2;.......<Z2;...p. .....g.e
  0B60  006F0072 00670065 0064000E 00670065 006F0030 00310031 0021000E 00470065  .o.r.g.e.d...g.e.o.0.1.1.!...G.e
  0B80  006F0072 00670065 00200006 0044006F 0077002E 00670065 006F0072 00670065  .o.r.g.e. ...D.o.w...g.e.o.r.g.e
  0BA0  00640040 007A0075 00720069 00630068 00700072 0069006D 0065002E 0063006F  .d.@.z.u.r.i.c.h.p.r.i.m.e...c.o
  0BC0  006D0000 0809CD15 DB59323B 0B010008 09CD15DB 59323B0B D2C060C2 0700000C  .m...... .Y2;.... ....Y2;. ..`.....
  0BE0  00640065 006E0069 0073006D 000E0064 0065006E 00340039 00300021 000C0044  .d.e.n.i.s.m...d.e.n.4.9.0.!...D
  0C00  0065006E 00690073 0020000C 004D0061 00740068 00650077 002C0064 0065006E  .e.n.i.s. ...M.a.t.h.e.w.,.d.e.n
  0C20  00690073 006D0040 007A0075 00720069 00630068 00700072 0069006D 0065002E  .i.s.m.@.z.u.r.i.c.h.p.r.i.m.e..
  0C40  0063006F 006D0001 086CAEF5 8758323B 0B010002 00610008 6CAEF587 58323B0B  .c.o.m.. .l...X2;.....a.. l...X2;.
  0C60  D2C070C1 0700001C 0053006D 0061006C 006C0020 00630068 0061006E 00630065  ..p..... .S.m.a.l.l. .c.h.a.n.c.e
  0C80  00200041 000E0073 006D0061 00310031 00310021 001C0053 006D0061 006C006C  . .A...s.m.a.1.1.1.!...S.m.a.l.l
  0CA0  00200063 00680061 006E0063 00650020 0041001C 0053006D 0061006C 006C0020  . .c.h.a.n.c.e. .A...S.m.a.l.l. 
  0CC0  00630068 0061006E 00630065 00200041 002C007A 00690064 0061006E 00610040  .c.h.a.n.c.e. .A.,.z.i.d.a.n.a.@
  0CE0  007A0075 00720069 00630068 00700072 0069006D 0065002E 0063006F 006D0000  .z.u.r.i.c.h.p.r.i.m.e...c.o.m..
  0D00  08EC1788 EF852C3B 0B010008 EC1788EF 852C3B0B D2C070C0 0700000C 00610068  ......,;........ .,;...p. .....a.h
  0D20  006D0065 00640073 000E0061 0068006D 00370030 00310021 000C0041 0068006D  .m.e.d.s...a.h.m.7.0.1.!...A.h.m
  0D40  00650064 0020000A 00530061 006C0069 006D002C 00610068 006D0065 00640073  .e.d. .. .S.a.l.i.m.,.a.h.m.e.d.s
  0D60  0040007A 00750072 00690063 00680070 00720069 006D0065 002E0063 006F006D  .@.z.u.r.i.c.h.p.r.i.m.e...c.o.m
  0D80  000008A3 E188458A 2B3B0B01 0008A3E1 88458A2B 3B0BD2C0 70BF0700 000A0074  ......E. +;...... .E.+;... p......t
  0DA0  006F006E 00690062 000E0074 006F006E 00320031 00330021 00080074 006F006E  .o.n.i.b...t.o.n.2.1.3.!...t.o.n
  0DC0  0069000A 0062006F 00730063 006F002A 0074006F 006E0069 00620040 007A0075  .i...b.o.s.c.o.*.t.o.n.i.b.@.z.u
  0DE0  00720069 00630068 00700072 0069006D 0065002E 0063006F 006D0000 0884EBFB  .r.i.c.h.p.r.i.m.e...c.o.m......
  0E00  F3552B3B 0B010008 84EBFBF3 552B3B0B D2C070BE 07000010 006D0069 00630068  .U+;.... ....U+;. ..p..... .m.i.c.h
  0E20  00610065 006C0068 000E006D 00690063 00330035 00300021 0010004D 00690063  .a.e.l.h...m.i.c.3.5.0.!...M.i.c
  0E40  00680061 0065006C 00200008 0048006F 006C0074 0030006D 00690063 00680061  .h.a.e.l. ...H.o.l.t.0.m.i.c.h.a
  0E60  0065006C 00680040 007A0075 00720069 00630068 00700072 0069006D 0065002E  .e.l.h.@.z.u.r.i.c.h.p.r.i.m.e..
  0E80  0063006F 006D0000 08BDD7FF 09631D3B 0B010008 BDD7FF09 631D3B0B D2C070BD  .c.o.m.. .....c.;........ c.;...p.
  0EA0  0700000E 0061006E 00670065 006C0061 006D000E 0061006E 00670036 00350031  .....a.n.g.e.l.a.m...a.n.g.6.5.1
  0EC0  0021000E 0041006E 00670065 006C0061 00200010 004D0069 00630068 00610065  .!...A.n.g.e.l.a. ...M.i.c.h.a.e
  0EE0  006C0073 002E0061 006E0067 0065006C 0061006D 0040007A 00750072 00690063  .l.s...a.n.g.e.l.a.m.@.z.u.r.i.c
  0F00  00680070 00720069 006D0065 002E0063 006F006D 0000085D E570D362 1D3B0B01  .h.p.r.i.m.e...c.o.m...].p.b.;..
  0F20  00085DE5 70D3621D 3B0BD2C0 60BC0700 0012006D 006F0068 0061006D 006D0061  ..].p.b. ;...`... ...m.o.h.a.m.m.a
  0F40  00640066 000E006D 006F0068 00310033 00350021 0012004D 006F0068 0061006D  .d.f...m.o.h.1.3.5.!...M.o.h.a.m
  0F60  006D0061 00640020 000A0046 00610079 0065007A 0032006D 006F0068 0061006D  .m.a.d. ...F.a.y.e.z.2.m.o.h.a.m
  0F80  006D0061 00640066 0040007A 00750072 00690063 00680070 00720069 006D0065  .m.a.d.f.@.z.u.r.i.c.h.p.r.i.m.e
  0FA0  002E0063 006F006D 000008D0 F713374C 1C3B0B01 00020061 0008B0E8 1CD04C33  ...c.o.m......7L.;.....a......L3
  0FC0  3B0BD2C0 60BB0700 0010006D 006F0068 0061006D 00610064 0061000E 006D006F  ;...`... ...m.o.h.a.m.a.d.a...m.o
  0FE0  00680038 00380037 00210010 004D006F 00680061 006D0061   .h.8.8.7.!...M.o.h.a.m.a

Received
  type:0x04(TABULAR_RESULT), status:0x01(EOM), length:0x0701, spid:0x0038, packetId:0x04, window:0x00
  0000  00640020 00100041 00620064 0061006C 006C0061 00680030 006D006F 00680061  .d. ...A.b.d.a.l.l.a.h.0.m.o.h.a
  0020  006D0061 00640061 0040007A 00750072 00690063 00680070 00720069 006D0065  .m.a.d.a.@.z.u.r.i.c.h.p.r.i.m.e
  0040  002E0063 006F006D 00000830 19D5124C 1C3B0B01 00020061 00083019 D5124C1C  ...c.o.m...0...L.;.....a..0...L.
  0060  3B0BD2C0 60B80700 000E0074 0061006D 00650072 00730061 000E0074 0061006D  ;...`... ...t.a.m.e.r.s.a...t.a.m
  0080  00330037 00390021 000C0054 0061006D 00650072 0020000C 00530061 00790065  .3.7.9.!...T.a.m.e.r. .. .S.a.y.e
  00A0  00670068 002C0074 0061006D 00650072 00730040 007A0075 00720069 00630068  .g.h.,.t.a.m.e.r.s.@.z.u.r.i.c.h
  00C0  00700072 0069006D 0065002E 0063006F 006D0000 08900487 754B1C3B 0B010002  .p.r.i.m.e...c.o.m...... uK.;....
  00E0  00610008 90048775 4B1C3B0B D2C060B7 07000010 00530074 006F0072 00610067  .a.....uK.;...`. .....S.t.o.r.a.g
  0100  00650042 000E0068 00660078 00310032 00330021 00100053 0074006F 00720061  .e.B...h.f.x.1.2.3.!...S.t.o.r.a
  0120  00670065 00420002 00420030 00730074 006F0072 00610067 00650062 0040007A  .g.e.B.. .B.0.s.t.o.r.a.g.e.b.@.z
  0140  00750072 00690063 00680070 00720069 006D0065 002E0063 006F006D 000008C0  .u.r.i.c.h.p.r.i.m.e...c.o.m....
  0160  D0FB344D 183B0B01 00020061 0008C0D0 FB344D18 3B0BD2C0 60B60700 00100053  ..4M.;.. ...a.... .4M.;... `......S
  0180  0074006F 00720061 00670065 0041000E 00680066 00780031 00320033 00210010  .t.o.r.a.g.e.A.. .h.f.x.1.2.3.!..
  01A0  00530074 006F0072 00610067 00650041 00020041 00300053 0074006F 00720061  .S.t.o.r.a.g.e.A...A.0.S.t.o.r.a
  01C0  00670065 00410040 007A0075 00720069 00630068 00700072 0069006D 0065002E  .g.e.A.@.z.u.r.i.c.h.p.r.i.m.e..
  01E0  0063006F 006D0000 08A05476 064D183B 0B010002 00610008 D0FFE4DB 7D783B0B  .c.o.m.. ..Tv.M.;.....a.. ....}x;.
  0200  D2C060B5 0700000C 00660072 0061006E 006B0066 000E0066 00720061 00300030  ..`..... .f.r.a.n.k.f...f.r.a.0.0
  0220  00330021 000C0046 00720061 006E006B 0020000E 0046006F 00720065 006D0061  .3.!...F.r.a.n.k. ...F.o.r.e.m.a
  0240  006E002C 00660072 0061006E 006B0066 0040007A 00750072 00690063 00680070  .n.,.f.r.a.n.k.f.@.z.u.r.i.c.h.p
  0260  00720069 006D0065 002E0063 006F006D 00000870 C922207E 153B0B01 00020061  .r.i.m.e...c.o.m...p." ~.;.....a
  0280  000870C9 22207E15 3B0BD2C0 60B40700 000A0061 006C0061 006E0067 000E0061  ..p." ~. ;...`... ...a.l.a.n.g...a
  02A0  006C0061 00390039 00380021 000A0041 006C0061 006E0020 000C0047 006C006F  .l.a.9.9.8.!...A.l.a.n. ...G.l.o
  02C0  00760065 0072002A 0061006C 0061006E 00670040 007A0075 00720069 00630068  .v.e.r.*.a.l.a.n.g.@.z.u.r.i.c.h
  02E0  00700072 0069006D 0065002E 0063006F 006D0000 08802827 027E153B 0B010002  .p.r.i.m.e...c.o.m....('.~.;....
  0300  00610008 80282702 7E153B0B D2C060B3 0700000C 00730074 00650076 00650068  .a...('. ~.;...`. .....s.t.e.v.e.h
  0320  000E0073 00740065 00360035 00300021 000C0053 00740065 00760065 00200010  ...s.t.e.6.5.0.!...S.t.e.v.e. ..
  0340  00480065 00720073 0068006D 0061006E 002C0073 00740065 00760065 00680040  .H.e.r.s.h.m.a.n.,.s.t.e.v.e.h.@
  0360  007A0075 00720069 00630068 00700072 0069006D 0065002E 0063006F 006D0000  .z.u.r.i.c.h.p.r.i.m.e...c.o.m..
  0380  08C0D837 E37D153B 0B010002 00610008 C0D837E3 7D153B0B D2C060B2 07000010  ...7.}.;.....a.. ..7.}.;. ..`.....
  03A0  00720069 00630068 00610072 00640062 000E0072 00690063 00370030 00310021  .r.i.c.h.a.r.d.b...r.i.c.7.0.1.!
  03C0  00100052 00690063 00680061 00720064 00200012 0042006F 0075006C 00690076  ...R.i.c.h.a.r.d. ...B.o.u.l.i.v
  03E0  00690065 00720030 00720069 00630068 00610072 00640062 0040007A 00750072  .i.e.r.0.r.i.c.h.a.r.d.b.@.z.u.r
  0400  00690063 00680070 00720069 006D0065 002E0063 006F006D 000008D0 235F9D7D  .i.c.h.p.r.i.m.e...c.o.m....#_.}
  0420  153B0B01 00020061 0008D023 5F9D7D15 3B0BD2C0 60B00700 000C0061 006D0065  .;.....a...#_.}. ;...`... ...a.m.e
  0440  00650072 0061000E 0061006D 00650037 00390032 0021000C 0041006D 00650065  .e.r.a.. .a.m.e.7.9.2.!.. .A.m.e.e
  0460  00720020 000C0041 00790068 0061006E 0020002C 0061006D 00650065 00720061  .r. ...A.y.h.a.n. .,.a.m.e.e.r.a
  0480  0040007A 00750072 00690063 00680070 00720069 006D0065 002E0063 006F006D  .@.z.u.r.i.c.h.p.r.i.m.e...c.o.m
  04A0  00000860 B7205950 0E3B0B01 00020061 000860B7 2059500E 3B0BD2C0 60AF0700  ...`. YP.;.....a..`. YP. ;...`...
  04C0  000A0061 006F0075 0073006D 000E0061 006F0075 00340035 00390021 000A0041  ...a.o.u.s.m...a.o.u.4.5.9.!...A
  04E0  006F0075 00730020 0008004D 00750073 0061002A 0061006F 00750073 006D0040  .o.u.s. ...M.u.s.a.*.a.o.u.s.m.@
  0500  007A0075 00720069 00630068 00700072 0069006D 0065002E 0063006F 006D0000  .z.u.r.i.c.h.p.r.i.m.e...c.o.m..
  0520  0860EFB3 38500E3B 0B010002 00610008 60EFB338 500E3B0B D2C060AE 0700000A  .`..8P.;.....a.. `..8P.;. ..`.....
  0540  00680061 00640069 0061000E 00680061 00640038 00350036 0021000A 00480061  .h.a.d.i.a...h.a.d.8.5.6.!...H.a
  0560  00640069 00200012 0041006C 00730068 00690068 00610062 0069002A 00680061  .d.i. .. .A.l.s.h.i.h.a.b.i.*.h.a
  0580  00640069 00610040 007A0075 00720069 00630068 00700072 0069006D 0065002E  .d.i.a.@.z.u.r.i.c.h.p.r.i.m.e..
  05A0  0063006F 006D0000 08900E3B 17500E3B 0B010002 00610008 900E3B17 500E3B0B  .c.o.m.. ...;.P.;.....a.. ..;.P.;.
  05C0  D2C060AD 0700000A 00610064 0061006D 006E000E 00610064 00610033 00300039  ..`..... .a.d.a.m.n...a.d.a.3.0.9
  05E0  0021000A 00410064 0061006D 00200008 004E0061 006A006D 002A0061 00640061  .!...A.d.a.m. .. .N.a.j.m.*.a.d.a
  0600  006D006E 0040007A 00750072 00690063 00680070 00720069 006D0065 002E0063  .m.n.@.z.u.r.i.c.h.p.r.i.m.e...c
  0620  006F006D 00000850 8FA5F34F 0E3B0B01 00020061 0008508F A5F34F0E 3B0BD2C0  .o.m...P...O.;.. ...a..P. ..O.;...
  0640  60AC0700 00100073 00680069 00720065 0065006E 0061000E 00730068 00690032  `......s.h.i.r.e.e.n.a.. .s.h.i.2
  0660  00300034 00210010 00530068 00690072 00650065 006E0020 00140041 006C0073  .0.4.!.. .S.h.i.r.e.e.n. ...A.l.s
  0680  00680061 006D006D 00610072 00690030 00730068 00690072 00650065 006E0061  .h.a.m.m.a.r.i.0.s.h.i.r.e.e.n.a
  06A0  0040007A 00750072 00690063 00680070 00720069 006D0065 002E0063 006F006D  .@.z.u.r.i.c.h.p.r.i.m.e...c.o.m
  06C0  000008B0 53E6A34E 0E3B0B01 00020061 0008B053 E6A34E0E 3B0BFF11 00C10064  ....S..N.;.....a...S..N. ;......d
  06E0  00000000 00000079 00000000 FE0000E0 00000000 00000000 00  .......y........ ........ .
State change: SentClientRequest -> LoggedIn
State change: LoggedIn -> Final
connection to devsrv:undefined closed
State is already Final
